Base path: 'D:/Unity2019/Unity/Editor/Data', plugins path 'D:/Unity2019/Unity/Editor/Data/PlaybackEngines'
Cmd: initializeCompiler
Cmd: compileComputeKernel
  api=4 insize=16804 outsize=9901 ok=1
Cmd: compileComputeKernel
  api=4 insize=1226 outsize=772 ok=1
Cmd: compileComputeKernel
  api=4 insize=9809 outsize=8504 ok=1
Cmd: compileComputeKernel
  api=4 insize=1864 outsize=561 ok=1
Cmd: compileComputeKernel
  api=4 insize=4823 outsize=667 ok=1
Cmd: compileComputeKernel
  api=4 insize=11176 outsize=10429 ok=1
Cmd: compileComputeKernel
  api=4 insize=11086 outsize=4742 ok=1
Cmd: compileComputeKernel
  api=4 insize=40264 outsize=36357 ok=1
Cmd: compileComputeKernel
  api=4 insize=40264 outsize=36831 ok=1
Cmd: compileComputeKernel
  api=4 insize=3400 outsize=1796 ok=1
Cmd: compileComputeKernel
  api=4 insize=22295 outsize=15432 ok=1
Cmd: compileComputeKernel
  api=4 insize=7840 outsize=8105 ok=1
Cmd: compileComputeKernel
  api=4 insize=22339 outsize=5115 ok=1
Cmd: compileComputeKernel
  api=4 insize=26931 outsize=11375 ok=1
Cmd: compileComputeKernel
  api=4 insize=6745 outsize=1174 ok=1
Cmd: compileComputeKernel
  api=4 insize=6745 outsize=3091 ok=1
Cmd: compileComputeKernel
  api=4 insize=16295 outsize=31915 ok=1
Cmd: compileComputeKernel
  api=4 insize=16295 outsize=48354 ok=1
Cmd: compileComputeKernel
  api=4 insize=16295 outsize=69962 ok=1
Cmd: compileComputeKernel
  api=4 insize=16295 outsize=42779 ok=1
Cmd: compileComputeKernel
  api=4 insize=16295 outsize=35998 ok=1
Cmd: compileComputeKernel
  api=4 insize=16295 outsize=40163 ok=1
Cmd: compileComputeKernel
  api=4 insize=16295 outsize=72375 ok=1
Cmd: compileComputeKernel
  api=4 insize=28319 outsize=6006 ok=1
Cmd: compileComputeKernel
  api=4 insize=7589 outsize=1261 ok=1
Cmd: compileComputeKernel
  api=4 insize=10587 outsize=1413 ok=1
Cmd: compileSnippet
  api=4 type=1 insize=1554 outsize=2334 kw=UNITY_PASS_DEFERRED LIGHTPROBE_SH pd=UNITY_ENABLE_REFLECTION_BUFFERS UNITY_USE_DITHER_MASK_FOR_ALPHABLENDED_SHADOWS UNITY_PBS_USE_BRDF1 UNITY_SPECCUBE_BOX_PROJECTION UNITY_SPECCUBE_BLENDING UNITY_ENABLE_DETAIL_NORMALMAP SHADER_API_DESKTOP UNITY_LIGHT_PROBE_PROXY_VOLUME UNITY_LIGHTMAP_FULL_HDR ok=1

Quitting shader compiler process
