Base path: 'D:/Unity2019/Unity/Editor/Data', plugins path 'D:/Unity2019/Unity/Editor/Data/PlaybackEngines'
Cmd: initializeCompiler
Cmd: compileComputeKernel
  api=4 insize=18731 outsize=10338 ok=1
Cmd: compileComputeKernel
  api=4 insize=9809 outsize=6289 ok=1
Cmd: compileComputeKernel
  api=4 insize=5032 outsize=9142 ok=1
Cmd: compileComputeKernel
  api=4 insize=4823 outsize=662 ok=1
Cmd: compileComputeKernel
  api=4 insize=5899 outsize=6007 ok=1
Cmd: compileComputeKernel
  api=4 insize=3158 outsize=48128 ok=1
Cmd: compileComputeKernel
  api=4 insize=14139 outsize=1100 ok=1
Cmd: compileComputeKernel
  api=4 insize=11086 outsize=880 ok=1
Cmd: compileComputeKernel
  api=4 insize=3111 outsize=3237 ok=1
Cmd: compileComputeKernel
  api=4 insize=40264 outsize=35511 ok=1
Cmd: compileComputeKernel
  api=4 insize=40264 outsize=40756 ok=1
Cmd: compileComputeKernel
  api=4 insize=22295 outsize=14637 ok=1
Cmd: compileComputeKernel
  api=4 insize=7840 outsize=7481 ok=1
Cmd: compileComputeKernel
  api=4 insize=22339 outsize=1026 ok=1
Cmd: compileComputeKernel
  api=4 insize=26931 outsize=2054 ok=1
Cmd: compileComputeKernel
  api=4 insize=26931 outsize=1633 ok=1
Cmd: compileComputeKernel
  api=4 insize=6119 outsize=2156 ok=1
Cmd: compileComputeKernel
  api=4 insize=6745 outsize=4889 ok=1
Cmd: compileComputeKernel
  api=4 insize=9103 outsize=2780 ok=1
Cmd: compileComputeKernel
  api=4 insize=26542 outsize=15695 ok=1
Cmd: compileComputeKernel
  api=4 insize=16295 outsize=100670 ok=1
Cmd: compileComputeKernel
  api=4 insize=16295 outsize=53326 ok=1
Cmd: compileComputeKernel
  api=4 insize=16295 outsize=47634 ok=1
Cmd: compileComputeKernel
  api=4 insize=7696 outsize=5189 ok=1
Cmd: compileComputeKernel
  api=4 insize=28319 outsize=426 ok=1
Cmd: compileComputeKernel
  api=4 insize=10587 outsize=3155 ok=1
Cmd: compileSnippet
  api=4 type=0 insize=2295 outsize=858 kw=UNITY_UI_ALPHACLIP pd=UNITY_ENABLE_REFLECTION_BUFFERS UNITY_USE_DITHER_MASK_FOR_ALPHABLENDED_SHADOWS UNITY_PBS_USE_BRDF1 UNITY_SPECCUBE_BOX_PROJECTION UNITY_SPECCUBE_BLENDING UNITY_ENABLE_DETAIL_NORMALMAP SHADER_API_DESKTOP UNITY_LIGHT_PROBE_PROXY_VOLUME UNITY_LIGHTMAP_FULL_HDR ok=1

Quitting shader compiler process
